[debug] [2017-10-29T15:30:37.108Z] ----------------------------------------------------------------------
[debug] [2017-10-29T15:30:37.112Z] Command:       /usr/local/bin/node /usr/local/bin/firebase serve
[debug] [2017-10-29T15:30:37.112Z] CLI Version:   3.13.1
[debug] [2017-10-29T15:30:37.113Z] Platform:      darwin
[debug] [2017-10-29T15:30:37.113Z] Node Version:  v6.11.2
[debug] [2017-10-29T15:30:37.113Z] Time:          Sun Oct 29 2017 21:00:37 GMT+0530 (IST)
[debug] [2017-10-29T15:30:37.113Z] ----------------------------------------------------------------------
[debug] 
[debug] [2017-10-29T15:30:37.131Z] > command requires scopes: ["email","openid","https://www.googleapis.com/auth/cloudplatformprojects.readonly","https://www.googleapis.com/auth/firebase","https://www.googleapis.com/auth/cloud-platform"]
[debug] [2017-10-29T15:30:37.131Z] > authorizing via signed-in user
[debug] [2017-10-29T15:30:37.133Z] > refreshing access token with scopes: ["email","https://www.googleapis.com/auth/cloud-platform","https://www.googleapis.com/auth/cloudplatformprojects.readonly","https://www.googleapis.com/auth/firebase","openid"]
[debug] [2017-10-29T15:30:37.133Z] >>> HTTP REQUEST POST https://www.googleapis.com/oauth2/v3/token { refresh_token: '1/5IZW_Hzta0C4Rbi_mZsrACkLlK-OF_NtYGKrI9qC6xA',
  client_id: '563584335869-fgrhgmd47bqnekij5i8b5pr03ho849e6.apps.googleusercontent.com',
  client_secret: 'j9iVZfS8kkCEFUPaAeJV0sAi',
  grant_type: 'refresh_token',
  scope: 'email https://www.googleapis.com/auth/cloud-platform https://www.googleapis.com/auth/cloudplatformprojects.readonly https://www.googleapis.com/auth/firebase openid' } 
 Sun Oct 29 2017 21:00:37 GMT+0530 (IST)
[debug] [2017-10-29T15:30:37.418Z] <<< HTTP RESPONSE 200
[debug] [2017-10-29T15:30:37.434Z] >>> HTTP REQUEST GET https://admin.firebase.com/v1/projects/netflu-be067  
 Sun Oct 29 2017 21:00:37 GMT+0530 (IST)
[debug] [2017-10-29T15:30:38.694Z] <<< HTTP RESPONSE 200
[debug] [2017-10-29T15:30:38.695Z] >>> HTTP REQUEST GET https://admin.firebase.com/v1/database/netflu-be067/tokens  
 Sun Oct 29 2017 21:00:38 GMT+0530 (IST)
[debug] [2017-10-29T15:30:40.461Z] <<< HTTP RESPONSE 200
[info] 
[info] === Serving from '/Users/sreeva/serials'...
[info] 
[debug] [2017-10-29T15:30:40.465Z] >>> HTTP REQUEST GET https://cloudresourcemanager.googleapis.com/v1/projects/netflu-be067  
 Sun Oct 29 2017 21:00:40 GMT+0530 (IST)
[debug] [2017-10-29T15:30:41.833Z] <<< HTTP RESPONSE 200
[debug] [2017-10-29T15:30:41.834Z] >>> HTTP REQUEST GET https://mobilesdk-pa.googleapis.com/v1/projects/526380569894/clients/_:getWebAppConfig  
 Sun Oct 29 2017 21:00:41 GMT+0530 (IST)
[debug] [2017-10-29T15:30:42.926Z] <<< HTTP RESPONSE 200
[debug] [2017-10-29T15:30:42.941Z] TypeError: Cannot read property 'public' of undefined
    at Server.<anonymous> (/usr/local/lib/node_modules/firebase-tools/lib/serve/hosting.js:34:17)
    at Server.g (events.js:292:16)
    at emitNone (events.js:86:13)
    at Server.emit (events.js:185:7)
    at emitListeningNT (net.js:1284:10)
    at _combinedTickCallback (internal/process/next_tick.js:77:11)
    at process._tickDomainCallback (internal/process/next_tick.js:128:9)
[error] 
[error] Error: An unexpected error has occurred.
[debug] [2017-10-29T15:31:06.776Z] ----------------------------------------------------------------------
[debug] [2017-10-29T15:31:06.779Z] Command:       /usr/local/bin/node /usr/local/bin/firebase serve
[debug] [2017-10-29T15:31:06.780Z] CLI Version:   3.13.1
[debug] [2017-10-29T15:31:06.780Z] Platform:      darwin
[debug] [2017-10-29T15:31:06.780Z] Node Version:  v6.11.2
[debug] [2017-10-29T15:31:06.781Z] Time:          Sun Oct 29 2017 21:01:06 GMT+0530 (IST)
[debug] [2017-10-29T15:31:06.781Z] ----------------------------------------------------------------------
[debug] 
[debug] [2017-10-29T15:31:06.794Z] > command requires scopes: ["email","openid","https://www.googleapis.com/auth/cloudplatformprojects.readonly","https://www.googleapis.com/auth/firebase","https://www.googleapis.com/auth/cloud-platform"]
[debug] [2017-10-29T15:31:06.794Z] > authorizing via signed-in user
[debug] [2017-10-29T15:31:06.796Z] >>> HTTP REQUEST GET https://admin.firebase.com/v1/projects/netflu-be067  
 Sun Oct 29 2017 21:01:06 GMT+0530 (IST)
[debug] [2017-10-29T15:31:08.128Z] <<< HTTP RESPONSE 200
[debug] [2017-10-29T15:31:08.129Z] >>> HTTP REQUEST GET https://admin.firebase.com/v1/database/netflu-be067/tokens  
 Sun Oct 29 2017 21:01:08 GMT+0530 (IST)
[debug] [2017-10-29T15:31:09.340Z] <<< HTTP RESPONSE 200
[info] 
[info] === Serving from '/Users/sreeva/serials'...
[info] 
[debug] [2017-10-29T15:31:09.342Z] >>> HTTP REQUEST GET https://cloudresourcemanager.googleapis.com/v1/projects/netflu-be067  
 Sun Oct 29 2017 21:01:09 GMT+0530 (IST)
[debug] [2017-10-29T15:31:10.884Z] <<< HTTP RESPONSE 200
[debug] [2017-10-29T15:31:10.885Z] >>> HTTP REQUEST GET https://mobilesdk-pa.googleapis.com/v1/projects/526380569894/clients/_:getWebAppConfig  
 Sun Oct 29 2017 21:01:10 GMT+0530 (IST)
[debug] [2017-10-29T15:31:11.796Z] <<< HTTP RESPONSE 200
[debug] [2017-10-29T15:31:11.815Z] TypeError: Cannot read property 'public' of undefined
    at Server.<anonymous> (/usr/local/lib/node_modules/firebase-tools/lib/serve/hosting.js:34:17)
    at Server.g (events.js:292:16)
    at emitNone (events.js:86:13)
    at Server.emit (events.js:185:7)
    at emitListeningNT (net.js:1284:10)
    at _combinedTickCallback (internal/process/next_tick.js:77:11)
    at process._tickDomainCallback (internal/process/next_tick.js:128:9)
[error] 
[error] Error: An unexpected error has occurred.
[debug] [2017-10-29T15:32:29.486Z] ----------------------------------------------------------------------
[debug] [2017-10-29T15:32:29.489Z] Command:       /usr/local/bin/node /usr/local/bin/firebase serve
[debug] [2017-10-29T15:32:29.489Z] CLI Version:   3.13.1
[debug] [2017-10-29T15:32:29.489Z] Platform:      darwin
[debug] [2017-10-29T15:32:29.489Z] Node Version:  v6.11.2
[debug] [2017-10-29T15:32:29.490Z] Time:          Sun Oct 29 2017 21:02:29 GMT+0530 (IST)
[debug] [2017-10-29T15:32:29.490Z] ----------------------------------------------------------------------
[debug] 
[debug] [2017-10-29T15:32:29.501Z] > command requires scopes: ["email","openid","https://www.googleapis.com/auth/cloudplatformprojects.readonly","https://www.googleapis.com/auth/firebase","https://www.googleapis.com/auth/cloud-platform"]
[debug] [2017-10-29T15:32:29.502Z] > authorizing via signed-in user
[debug] [2017-10-29T15:32:29.504Z] >>> HTTP REQUEST GET https://admin.firebase.com/v1/projects/netflu-be067  
 Sun Oct 29 2017 21:02:29 GMT+0530 (IST)
[debug] [2017-10-29T15:32:30.820Z] <<< HTTP RESPONSE 200
[debug] [2017-10-29T15:32:30.821Z] >>> HTTP REQUEST GET https://admin.firebase.com/v1/database/netflu-be067/tokens  
 Sun Oct 29 2017 21:02:30 GMT+0530 (IST)
[debug] [2017-10-29T15:32:32.017Z] <<< HTTP RESPONSE 200
[info] 
[info] === Serving from '/Users/sreeva/serials'...
[info] 
[debug] [2017-10-29T15:32:32.021Z] >>> HTTP REQUEST GET https://cloudresourcemanager.googleapis.com/v1/projects/netflu-be067  
 Sun Oct 29 2017 21:02:32 GMT+0530 (IST)
[debug] [2017-10-29T15:32:33.263Z] <<< HTTP RESPONSE 200
[debug] [2017-10-29T15:32:33.263Z] >>> HTTP REQUEST GET https://mobilesdk-pa.googleapis.com/v1/projects/526380569894/clients/_:getWebAppConfig  
 Sun Oct 29 2017 21:02:33 GMT+0530 (IST)
[debug] [2017-10-29T15:32:34.031Z] <<< HTTP RESPONSE 200
[info] i  hosting: Serving hosting files from: ./firebase
[info] ✔  hosting: Local server: http://localhost:5000

